<?xml version="1.0" encoding="UTF-8"?>
<testsuite name="TestSuite" time="84.353" tests="20" errors="0" skipped="0" failures="0">
  <properties>
    <property name="testng" value="testNG_UI_Local.xml"/>
    <property name="java.runtime.name" value="Java(TM) SE Runtime Environment"/>
    <property name="sun.boot.library.path" value="/System/Library/Java/JavaVirtualMachines/1.6.0.jdk/Contents/Libraries"/>
    <property name="java.vm.version" value="20.65-b04-466.1"/>
    <property name="awt.nativeDoubleBuffering" value="true"/>
    <property name="gopherProxySet" value="false"/>
    <property name="mrj.build" value="11M4716"/>
    <property name="java.vm.vendor" value="Apple Inc."/>
    <property name="java.vendor.url" value="http://www.apple.com/"/>
    <property name="path.separator" value=":"/>
    <property name="guice.disable.misplaced.annotation.check" value="true"/>
    <property name="java.vm.name" value="Java HotSpot(TM) 64-Bit Server VM"/>
    <property name="file.encoding.pkg" value="sun.io"/>
    <property name="user.country" value="US"/>
    <property name="sun.java.launcher" value="SUN_STANDARD"/>
    <property name="sun.os.patch.level" value="unknown"/>
    <property name="java.vm.specification.name" value="Java Virtual Machine Specification"/>
    <property name="user.dir" value="/Users/frank/Desktop/Workspace/bridge_ui_testscriptsTestNG"/>
    <property name="java.runtime.version" value="1.6.0_65-b14-466.1-11M4716"/>
    <property name="java.awt.graphicsenv" value="apple.awt.CGraphicsEnvironment"/>
    <property name="java.endorsed.dirs" value="/System/Library/Java/JavaVirtualMachines/1.6.0.jdk/Contents/Home/lib/endorsed"/>
    <property name="os.arch" value="x86_64"/>
    <property name="java.io.tmpdir" value="/var/folders/bt/515t4pvn6f977cyrtzxv7ckm0000gp/T/"/>
    <property name="line.separator" value="&#10;"/>
    <property name="java.vm.specification.vendor" value="Sun Microsystems Inc."/>
    <property name="os.name" value="Mac OS X"/>
    <property name="classworlds.conf" value="/usr/local/Cellar/maven/3.2.1/libexec/bin/m2.conf"/>
    <property name="sun.jnu.encoding" value="MacRoman"/>
    <property name="java.library.path" value=".:/Library/Java/Extensions:/System/Library/Java/Extensions:/usr/lib/java"/>
    <property name="java.specification.name" value="Java Platform API Specification"/>
    <property name="java.class.version" value="50.0"/>
    <property name="sun.management.compiler" value="HotSpot 64-Bit Tiered Compilers"/>
    <property name="os.version" value="10.10.1"/>
    <property name="http.nonProxyHosts" value="local|*.local|169.254/16|*.169.254/16"/>
    <property name="user.home" value="/Users/frank"/>
    <property name="user.timezone" value="America/Los_Angeles"/>
    <property name="java.awt.printerjob" value="apple.awt.CPrinterJob"/>
    <property name="java.specification.version" value="1.6"/>
    <property name="file.encoding" value="MacRoman"/>
    <property name="user.name" value="frank"/>
    <property name="java.class.path" value="/usr/local/Cellar/maven/3.2.1/libexec/boot/plexus-classworlds-2.5.1.jar"/>
    <property name="org.slf4j.simpleLogger.defaultLogLevel" value="info"/>
    <property name="java.vm.specification.version" value="1.0"/>
    <property name="sun.arch.data.model" value="64"/>
    <property name="java.home" value="/System/Library/Java/JavaVirtualMachines/1.6.0.jdk/Contents/Home"/>
    <property name="sun.java.command" value="org.codehaus.plexus.classworlds.launcher.Launcher test -Dtestng=testNG_UI_Local.xml"/>
    <property name="java.specification.vendor" value="Sun Microsystems Inc."/>
    <property name="user.language" value="en"/>
    <property name="awt.toolkit" value="apple.awt.CToolkit"/>
    <property name="java.vm.info" value="mixed mode"/>
    <property name="java.version" value="1.6.0_65"/>
    <property name="java.ext.dirs" value="/Library/Java/Extensions:/System/Library/Java/Extensions:/System/Library/Java/JavaVirtualMachines/1.6.0.jdk/Contents/Home/lib/ext"/>
    <property name="sun.boot.class.path" value="/System/Library/Java/JavaVirtualMachines/1.6.0.jdk/Contents/Classes/jsfd.jar:/System/Library/Java/JavaVirtualMachines/1.6.0.jdk/Contents/Classes/classes.jar:/System/Library/Frameworks/JavaVM.framework/Frameworks/JavaRuntimeSupport.framework/Resources/Java/JavaRuntimeSupport.jar:/System/Library/Java/JavaVirtualMachines/1.6.0.jdk/Contents/Classes/ui.jar:/System/Library/Java/JavaVirtualMachines/1.6.0.jdk/Contents/Classes/laf.jar:/System/Library/Java/JavaVirtualMachines/1.6.0.jdk/Contents/Classes/sunrsasign.jar:/System/Library/Java/JavaVirtualMachines/1.6.0.jdk/Contents/Classes/jsse.jar:/System/Library/Java/JavaVirtualMachines/1.6.0.jdk/Contents/Classes/jce.jar:/System/Library/Java/JavaVirtualMachines/1.6.0.jdk/Contents/Classes/charsets.jar"/>
    <property name="java.vendor" value="Apple Inc."/>
    <property name="maven.home" value="/usr/local/Cellar/maven/3.2.1/libexec"/>
    <property name="file.separator" value="/"/>
    <property name="java.vendor.url.bug" value="http://bugreport.apple.com/"/>
    <property name="sun.cpu.endian" value="little"/>
    <property name="sun.io.unicode.encoding" value="UnicodeLittle"/>
    <property name="mrj.version" value="1070.1.6.0_65-466.1"/>
    <property name="socksNonProxyHosts" value="local|*.local|169.254/16|*.169.254/16"/>
    <property name="ftp.nonProxyHosts" value="local|*.local|169.254/16|*.169.254/16"/>
    <property name="sun.cpu.isalist" value=""/>
  </properties>
  <testcase name="UI_InterviewsPage" classname="edu.itu.bridge.tests.ui.candidate.UI_CandidatePageTest" time="0.552"/>
  <testcase name="UI_VerifyElementsOnSkillsPages" classname="edu.itu.bridge.tests.ui.candidate.UI_CandidatePageTest" time="41.868"/>
  <testcase name="UI_VerifyEmelentsOnEducationPage" classname="edu.itu.bridge.tests.ui.candidate.UI_CandidatePageTest" time="1.926"/>
  <testcase name="ui_EditProfileInfoTest" classname="edu.itu.bridge.tests.ui.candidate.UI_CandidatePageTest" time="2.094"/>
  <testcase name="ui_ManagePositions" classname="edu.itu.bridge.tests.ui.candidate.UI_CandidatePageTest" time="2.929"/>
  <testcase name="ui_VerifySupportTicketWindowElementsSignedInTest" classname="edu.itu.bridge.tests.ui.candidate.UI_CandidatePageTest" time="2.682"/>
  <testcase name="ui_candidatePageUITest" classname="edu.itu.bridge.tests.ui.candidate.UI_CandidatePageTest" time="2.408"/>
  <testcase name="UI_StaffCompaniesPage" classname="edu.itu.bridge.tests.ui.staff.UI_NewStaffViewPage" time="2.214"/>
  <testcase name="UI_StaffHomePage" classname="edu.itu.bridge.tests.ui.staff.UI_NewStaffViewPage" time="3.839"/>
  <testcase name="UI_StaffJobsPage" classname="edu.itu.bridge.tests.ui.staff.UI_NewStaffViewPage" time="3.452"/>
  <testcase name="UI_StaffSkillsPage" classname="edu.itu.bridge.tests.ui.staff.UI_NewStaffViewPage" time="1.028"/>
  <testcase name="UI_StaffUsersPage" classname="edu.itu.bridge.tests.ui.staff.UI_NewStaffViewPage" time="1.759"/>
  <testcase name="ui_CreateSupportTicketNotSignedIn" classname="edu.itu.bridge.tests.ui.title.UIandLinksTitlePageTest" time="3.918"/>
  <testcase name="ui_forgotPasswordFromFooterPageTest" classname="edu.itu.bridge.tests.ui.title.UIandLinksTitlePageTest" time="1.232"/>
  <testcase name="ui_forgotPasswordFromHeaderPageTest" classname="edu.itu.bridge.tests.ui.title.UIandLinksTitlePageTest" time="0.952"/>
  <testcase name="ui_privacyPolicyTest" classname="edu.itu.bridge.tests.ui.title.UIandLinksTitlePageTest" time="6.277"/>
  <testcase name="ui_termsOfServiceTest" classname="edu.itu.bridge.tests.ui.title.UIandLinksTitlePageTest" time="2.347"/>
  <testcase name="ui_titlePageSignInFooterUIonly" classname="edu.itu.bridge.tests.ui.title.UIandLinksTitlePageTest" time="0.719"/>
  <testcase name="ui_titlePageSignInHeaderUIonly" classname="edu.itu.bridge.tests.ui.title.UIandLinksTitlePageTest" time="0.586"/>
  <testcase name="ui_titlePageTest" classname="edu.itu.bridge.tests.ui.title.UIandLinksTitlePageTest" time="1.571"/>
</testsuite>