<?xml version="1.0" encoding="UTF-8"?>
<!-- Generated by org.testng.reporters.JUnitReportReporter -->
<testsuite hostname="ITUs-MacBook-Pro-5.local" name="edu.itu.bridge.tests.functional.title.F_NewCompanySignUpTest" tests="1" failures="0" timestamp="3 Feb 2015 20:12:44 GMT" time="0.709" errors="0">
  <testcase name="CompanySignUpProcess" time="0.709" classname="edu.itu.bridge.tests.functional.title.F_NewCompanySignUpTest"/>
</testsuite> <!-- edu.itu.bridge.tests.functional.title.F_NewCompanySignUpTest -->
