<?xml version="1.0" encoding="UTF-8"?>
<!-- Generated by org.testng.reporters.JUnitReportReporter -->
<testsuite hostname="ITUs-MacBook-Pro-5.local" name="edu.itu.bridge.tests.ui.title.UIandLinksTitlePageTest" tests="8" failures="0" timestamp="5 Feb 2015 21:23:30 GMT" time="20.221" errors="0">
  <testcase name="ui_forgotPasswordFromHeaderPageTest" time="1.298" classname="edu.itu.bridge.tests.ui.title.UIandLinksTitlePageTest"/>
  <testcase name="ui_forgotPasswordFromFooterPageTest" time="1.601" classname="edu.itu.bridge.tests.ui.title.UIandLinksTitlePageTest"/>
  <testcase name="ui_CreateSupportTicketNotSignedIn" time="4.271" classname="edu.itu.bridge.tests.ui.title.UIandLinksTitlePageTest"/>
  <testcase name="ui_titlePageTest" time="1.853" classname="edu.itu.bridge.tests.ui.title.UIandLinksTitlePageTest"/>
  <testcase name="ui_titlePageSignInFooterUIonly" time="1.066" classname="edu.itu.bridge.tests.ui.title.UIandLinksTitlePageTest"/>
  <testcase name="ui_privacyPolicyTest" time="6.570" classname="edu.itu.bridge.tests.ui.title.UIandLinksTitlePageTest"/>
  <testcase name="ui_termsOfServiceTest" time="2.615" classname="edu.itu.bridge.tests.ui.title.UIandLinksTitlePageTest"/>
  <testcase name="ui_titlePageSignInHeaderUIonly" time="0.947" classname="edu.itu.bridge.tests.ui.title.UIandLinksTitlePageTest"/>
</testsuite> <!-- edu.itu.bridge.tests.ui.title.UIandLinksTitlePageTest -->
