<?xml version="1.0" encoding="UTF-8"?>
<!-- Generated by org.testng.reporters.JUnitReportReporter -->
<testsuite hostname="ITUs-MacBook-Pro-5.local" name="edu.itu.bridge.tests.ui.staff.UI_NewStaffViewPage" tests="5" failures="0" timestamp="5 Feb 2015 21:23:30 GMT" time="42.636" errors="0">
  <testcase name="UI_StaffCompaniesPage" time="23.145" classname="edu.itu.bridge.tests.ui.staff.UI_NewStaffViewPage"/>
  <testcase name="UI_StaffJobsPage" time="5.333" classname="edu.itu.bridge.tests.ui.staff.UI_NewStaffViewPage"/>
  <testcase name="UI_StaffSkillsPage" time="3.155" classname="edu.itu.bridge.tests.ui.staff.UI_NewStaffViewPage"/>
  <testcase name="UI_StaffHomePage" time="6.577" classname="edu.itu.bridge.tests.ui.staff.UI_NewStaffViewPage"/>
  <testcase name="UI_StaffUsersPage" time="4.426" classname="edu.itu.bridge.tests.ui.staff.UI_NewStaffViewPage"/>
</testsuite> <!-- edu.itu.bridge.tests.ui.staff.UI_NewStaffViewPage -->
