<?xml version="1.0" encoding="UTF-8"?>
<!-- Generated by org.testng.reporters.JUnitReportReporter -->
<testsuite hostname="ITUs-MacBook-Pro-5.local" name="edu.itu.bridge.tests.functional.candidate.positions.F_CandidateAddNewPositionIntoEmplymentHistoryTest" tests="1" failures="0" timestamp="3 Feb 2015 20:12:44 GMT" time="40.993" errors="0">
  <testcase name="f_CandidateAddNewPositionIntoEmplymentHistory" time="40.993" classname="edu.itu.bridge.tests.functional.candidate.positions.F_CandidateAddNewPositionIntoEmplymentHistoryTest"/>
</testsuite> <!-- edu.itu.bridge.tests.functional.candidate.positions.F_CandidateAddNewPositionIntoEmplymentHistoryTest -->
