<?xml version="1.0" encoding="UTF-8"?>
<!-- Generated by org.testng.reporters.JUnitReportReporter -->
<testsuite hostname="ITUs-MacBook-Pro-5.local" name="edu.itu.bridge.tests.ui.candidate.UI_CandidatePageTest" tests="7" failures="0" timestamp="5 Feb 2015 21:23:30 GMT" time="71.355" errors="0">
  <testcase name="UI_VerifyElementsOnSkillsPages" time="44.052" classname="edu.itu.bridge.tests.ui.candidate.UI_CandidatePageTest"/>
  <testcase name="ui_candidatePageUITest" time="5.567" classname="edu.itu.bridge.tests.ui.candidate.UI_CandidatePageTest"/>
  <testcase name="ui_ManagePositions" time="5.336" classname="edu.itu.bridge.tests.ui.candidate.UI_CandidatePageTest"/>
  <testcase name="UI_VerifyEmelentsOnEducationPage" time="4.168" classname="edu.itu.bridge.tests.ui.candidate.UI_CandidatePageTest"/>
  <testcase name="ui_VerifySupportTicketWindowElementsSignedInTest" time="4.962" classname="edu.itu.bridge.tests.ui.candidate.UI_CandidatePageTest"/>
  <testcase name="ui_EditProfileInfoTest" time="4.440" classname="edu.itu.bridge.tests.ui.candidate.UI_CandidatePageTest"/>
  <testcase name="UI_InterviewsPage" time="2.830" classname="edu.itu.bridge.tests.ui.candidate.UI_CandidatePageTest"/>
</testsuite> <!-- edu.itu.bridge.tests.ui.candidate.UI_CandidatePageTest -->
