<?xml version="1.0" encoding="UTF-8"?>
<!-- Generated by org.testng.reporters.JUnitReportReporter -->
<testsuite hostname="ITUs-MacBook-Pro-5.local" name="edu.itu.bridge.tests.functional.support.F_SubmitSupportTicketSignedInAsCompanyTest" tests="2" failures="0" timestamp="3 Feb 2015 20:12:44 GMT" time="24.051" errors="0">
  <testcase name="f_SubmitSupportTicketSignedInAsCompanyHeaderTest" time="3.009" classname="edu.itu.bridge.tests.functional.support.F_SubmitSupportTicketSignedInAsCompanyTest"/>
  <testcase name="f_SubmitSupportTicketSignedInFooterTest" time="21.042" classname="edu.itu.bridge.tests.functional.support.F_SubmitSupportTicketSignedInAsCompanyTest"/>
</testsuite> <!-- edu.itu.bridge.tests.functional.support.F_SubmitSupportTicketSignedInAsCompanyTest -->
