<?xml version="1.0" encoding="UTF-8"?>
<!-- Generated by org.testng.reporters.JUnitReportReporter -->
<testsuite hostname="ITUs-MacBook-Pro-5.local" name="edu.itu.bridge.cleaners.TicketCleanerTest" tests="1" failures="0" timestamp="5 Feb 2015 19:52:12 GMT" time="32.055" errors="0">
  <testcase name="CleanTest" time="32.055" classname="edu.itu.bridge.cleaners.TicketCleanerTest"/>
</testsuite> <!-- edu.itu.bridge.cleaners.TicketCleanerTest -->
